<?xml version="1.0" encoding="UTF-8"?>
<testng-results ignored="0" total="3" passed="3" failed="0" skipped="0">
  <reporter-output>
  </reporter-output>
  <suite started-at="2026-03-26T13:36:09 WIB" name="SauceDemo Programmatic Suite" finished-at="2026-03-26T13:36:25 WIB" duration-ms="16374">
    <groups>
    </groups>
    <test started-at="2026-03-26T13:36:09 WIB" name="Login Functionality Test" finished-at="2026-03-26T13:36:25 WIB" duration-ms="16374">
      <class name="org.selenium.tests.LoginTest">
        <test-method is-config="true" signature="setUp()[pri:0, instance:org.selenium.tests.LoginTest@1f021e6c]" started-at="2026-03-26T13:36:09 WIB" name="setUp" finished-at="2026-03-26T13:36:15 WIB" duration-ms="5616" status="PASS">
          <reporter-output>
          </reporter-output>
        </test-method> <!-- setUp -->
        <test-method signature="failedLoginWithLockedOutUser()[pri:0, instance:org.selenium.tests.LoginTest@1f021e6c]" started-at="2026-03-26T13:36:15 WIB" name="failedLoginWithLockedOutUser" finished-at="2026-03-26T13:36:15 WIB" duration-ms="473" status="PASS">
          <reporter-output>
          </reporter-output>
        </test-method> <!-- failedLoginWithLockedOutUser -->
        <test-method is-config="true" signature="tearDown()[pri:0, instance:org.selenium.tests.LoginTest@1f021e6c]" started-at="2026-03-26T13:36:15 WIB" name="tearDown" finished-at="2026-03-26T13:36:15 WIB" duration-ms="190" status="PASS">
          <reporter-output>
          </reporter-output>
        </test-method> <!-- tearDown -->
        <test-method is-config="true" signature="setUp()[pri:0, instance:org.selenium.tests.LoginTest@1f021e6c]" started-at="2026-03-26T13:36:15 WIB" name="setUp" finished-at="2026-03-26T13:36:20 WIB" duration-ms="4983" status="PASS">
          <reporter-output>
          </reporter-output>
        </test-method> <!-- setUp -->
        <test-method signature="failedLoginWithWrongCredentials()[pri:0, instance:org.selenium.tests.LoginTest@1f021e6c]" started-at="2026-03-26T13:36:20 WIB" name="failedLoginWithWrongCredentials" finished-at="2026-03-26T13:36:21 WIB" duration-ms="932" status="PASS">
          <reporter-output>
          </reporter-output>
        </test-method> <!-- failedLoginWithWrongCredentials -->
        <test-method is-config="true" signature="tearDown()[pri:0, instance:org.selenium.tests.LoginTest@1f021e6c]" started-at="2026-03-26T13:36:21 WIB" name="tearDown" finished-at="2026-03-26T13:36:21 WIB" duration-ms="155" status="PASS">
          <reporter-output>
          </reporter-output>
        </test-method> <!-- tearDown -->
        <test-method is-config="true" signature="setUp()[pri:0, instance:org.selenium.tests.LoginTest@1f021e6c]" started-at="2026-03-26T13:36:21 WIB" name="setUp" finished-at="2026-03-26T13:36:25 WIB" duration-ms="3389" status="PASS">
          <reporter-output>
          </reporter-output>
        </test-method> <!-- setUp -->
        <test-method signature="successfulLogin()[pri:0, instance:org.selenium.tests.LoginTest@1f021e6c]" started-at="2026-03-26T13:36:25 WIB" name="successfulLogin" finished-at="2026-03-26T13:36:25 WIB" duration-ms="425" status="PASS">
          <reporter-output>
          </reporter-output>
        </test-method> <!-- successfulLogin -->
        <test-method is-config="true" signature="tearDown()[pri:0, instance:org.selenium.tests.LoginTest@1f021e6c]" started-at="2026-03-26T13:36:25 WIB" name="tearDown" finished-at="2026-03-26T13:36:25 WIB" duration-ms="135" status="PASS">
          <reporter-output>
          </reporter-output>
        </test-method> <!-- tearDown -->
      </class> <!-- org.selenium.tests.LoginTest -->
    </test> <!-- Login Functionality Test -->
  </suite> <!-- SauceDemo Programmatic Suite -->
</testng-results>
