<?xml version="1.0" encoding="UTF-8"?>
<!-- Generated by org.testng.reporters.JUnitReportReporter -->
<testsuite hostname="LAPTOP-NJB9SLRI" failures="0" tests="3" name="org.selenium.tests.LoginTest" time="16.298" errors="0" timestamp="2026-03-26T13:36:26 WIB" skipped="0">
  <testcase classname="org.selenium.tests.LoginTest" name="successfulLogin" time="6.196"/>
  <testcase classname="org.selenium.tests.LoginTest" name="failedLoginWithLockedOutUser" time="5.646"/>
  <testcase classname="org.selenium.tests.LoginTest" name="failedLoginWithWrongCredentials" time="4.456"/>
</testsuite> <!-- org.selenium.tests.LoginTest -->
