<?xml version="1.0" encoding="UTF-8"?>
<!-- Generated by org.testng.reporters.JUnitXMLReporter -->
<testsuite ignored="0" hostname="LAPTOP-NJB9SLRI" failures="0" tests="3" name="Login Functionality Test" time="16.374" errors="0" timestamp="2026-03-26T13:36:25 WIB">
  <testcase classname="org.selenium.tests.LoginTest" name="failedLoginWithLockedOutUser" time="0.473"/>
  <testcase classname="org.selenium.tests.LoginTest" name="failedLoginWithWrongCredentials" time="0.932"/>
  <testcase classname="org.selenium.tests.LoginTest" name="successfulLogin" time="0.425"/>
</testsuite> <!-- Login Functionality Test -->
